# JRE version: OpenJDK Runtime Environment Corretto-11.0.20.8.1 (11.0.20+8) (build 11.0.20+8-LTS)
# Java VM: OpenJDK 64-Bit Server VM Corretto-11.0.20.8.1 (11.0.20+8-LTS, mixed mode, tiered, compressed oops, g1 gc, windows-amd64)
Heap:
 garbage-first heap   total 118784K, used 44855K [0x000000008c200000, 0x0000000100000000)
  region size 1024K, 18 young (18432K), 7 survivors (7168K)
 Metaspace       used 85757K, capacity 88401K, committed 88696K, reserved 1126400K
  class space    used 10741K, capacity 11775K, committed 11896K, reserved 1048576K
GC Heap History (20 events):
Event: 5.708 GC heap before
{Heap before GC invocations=4 (full 0):
 garbage-first heap   total 118784K, used 64756K [0x000000008c200000, 0x0000000100000000)
  region size 1024K, 58 young (59392K), 5 survivors (5120K)
 Metaspace       used 34499K, capacity 35334K, committed 35584K, reserved 1081344K
  class space    used 3981K, capacity 4295K, committed 4352K, reserved 1048576K
}
Event: 5.715 GC heap after
{Heap after GC invocations=5 (full 0):
 garbage-first heap   total 118784K, used 13792K [0x000000008c200000, 0x0000000100000000)
  region size 1024K, 4 young (4096K), 4 survivors (4096K)
 Metaspace       used 34499K, capacity 35334K, committed 35584K, reserved 1081344K
  class space    used 3981K, capacity 4295K, committed 4352K, reserved 1048576K
}
Event: 5.765 GC heap before
{Heap before GC invocations=5 (full 0):
 garbage-first heap   total 118784K, used 17888K [0x000000008c200000, 0x0000000100000000)
  region size 1024K, 9 young (9216K), 4 survivors (4096K)
 Metaspace       used 34925K, capacity 35749K, committed 35840K, reserved 1081344K
  class space    used 4040K, capacity 4348K, committed 4352K, reserved 1048576K
}
Event: 5.770 GC heap after
{Heap after GC invocations=6 (full 0):
 garbage-first heap   total 118784K, used 14185K [0x000000008c200000, 0x0000000100000000)
  region size 1024K, 5 young (5120K), 5 survivors (5120K)
 Metaspace       used 34925K, capacity 35749K, committed 35840K, reserved 1081344K
  class space    used 4040K, capacity 4348K, committed 4352K, reserved 1048576K
}
Event: 6.068 GC heap before
{Heap before GC invocations=7 (full 0):
 garbage-first heap   total 118784K, used 60265K [0x000000008c200000, 0x0000000100000000)
  region size 1024K, 50 young (51200K), 5 survivors (5120K)
 Metaspace       used 36577K, capacity 37421K, committed 37632K, reserved 1083392K
  class space    used 4224K, capacity 4560K, committed 4608K, reserved 1048576K
}
Event: 6.074 GC heap after
{Heap after GC invocations=8 (full 0):
 garbage-first heap   total 118784K, used 15252K [0x000000008c200000, 0x0000000100000000)
  region size 1024K, 4 young (4096K), 4 survivors (4096K)
 Metaspace       used 36577K, capacity 37421K, committed 37632K, reserved 1083392K
  class space    used 4224K, capacity 4560K, committed 4608K, reserved 1048576K
}
Event: 6.780 GC heap before
{Heap before GC invocations=8 (full 0):
 garbage-first heap   total 118784K, used 66452K [0x000000008c200000, 0x0000000100000000)
  region size 1024K, 54 young (55296K), 4 survivors (4096K)
 Metaspace       used 42591K, capacity 43782K, committed 44032K, reserved 1087488K
  class space    used 5077K, capacity 5537K, committed 5632K, reserved 1048576K
}
Event: 6.791 GC heap after
{Heap after GC invocations=9 (full 0):
 garbage-first heap   total 118784K, used 18256K [0x000000008c200000, 0x0000000100000000)
  region size 1024K, 7 young (7168K), 7 survivors (7168K)
 Metaspace       used 42591K, capacity 43782K, committed 44032K, reserved 1087488K
  class space    used 5077K, capacity 5537K, committed 5632K, reserved 1048576K
}
Event: 7.942 GC heap before
{Heap before GC invocations=9 (full 0):
 garbage-first heap   total 118784K, used 71504K [0x000000008c200000, 0x0000000100000000)
  region size 1024K, 59 young (60416K), 7 survivors (7168K)
 Metaspace       used 54342K, capacity 55714K, committed 55936K, reserved 1097728K
  class space    used 6417K, capacity 6941K, committed 7040K, reserved 1048576K
}
Event: 7.949 GC heap after
{Heap after GC invocations=10 (full 0):
 garbage-first heap   total 118784K, used 22672K [0x000000008c200000, 0x0000000100000000)
  region size 1024K, 8 young (8192K), 8 survivors (8192K)
 Metaspace       used 54342K, capacity 55714K, committed 55936K, reserved 1097728K
  class space    used 6417K, capacity 6941K, committed 7040K, reserved 1048576K
}
Event: 8.298 GC heap before
{Heap before GC invocations=10 (full 0):
 garbage-first heap   total 118784K, used 45200K [0x000000008c200000, 0x0000000100000000)
  region size 1024K, 31 young (31744K), 8 survivors (8192K)
 Metaspace       used 58497K, capacity 59839K, committed 59904K, reserved 1101824K
  class space    used 7116K, capacity 7649K, committed 7680K, reserved 1048576K
}
Event: 8.304 GC heap after
{Heap after GC invocations=11 (full 0):
 garbage-first heap   total 118784K, used 24515K [0x000000008c200000, 0x0000000100000000)
  region size 1024K, 3 young (3072K), 3 survivors (3072K)
 Metaspace       used 58497K, capacity 59839K, committed 59904K, reserved 1101824K
  class space    used 7116K, capacity 7649K, committed 7680K, reserved 1048576K
}
Event: 8.980 GC heap before
{Heap before GC invocations=12 (full 0):
 garbage-first heap   total 118784K, used 74691K [0x000000008c200000, 0x0000000100000000)
  region size 1024K, 52 young (53248K), 3 survivors (3072K)
 Metaspace       used 68211K, capacity 69743K, committed 70008K, reserved 1110016K
  class space    used 8609K, capacity 9195K, committed 9336K, reserved 1048576K
}
Event: 8.982 GC heap after
{Heap after GC invocations=13 (full 0):
 garbage-first heap   total 118784K, used 25717K [0x000000008c200000, 0x0000000100000000)
  region size 1024K, 4 young (4096K), 4 survivors (4096K)
 Metaspace       used 68211K, capacity 69743K, committed 70008K, reserved 1110016K
  class space    used 8609K, capacity 9195K, committed 9336K, reserved 1048576K
}
Event: 9.573 GC heap before
{Heap before GC invocations=13 (full 0):
 garbage-first heap   total 118784K, used 78965K [0x000000008c200000, 0x0000000100000000)
  region size 1024K, 56 young (57344K), 4 survivors (4096K)
 Metaspace       used 73475K, capacity 75258K, committed 75512K, reserved 1114112K
  class space    used 9255K, capacity 9938K, committed 9976K, reserved 1048576K
}
Event: 9.577 GC heap after
{Heap after GC invocations=14 (full 0):
 garbage-first heap   total 118784K, used 28415K [0x000000008c200000, 0x0000000100000000)
  region size 1024K, 6 young (6144K), 6 survivors (6144K)
 Metaspace       used 73475K, capacity 75258K, committed 75512K, reserved 1114112K
  class space    used 9255K, capacity 9938K, committed 9976K, reserved 1048576K
}
Event: 10.209 GC heap before
{Heap before GC invocations=14 (full 0):
 garbage-first heap   total 118784K, used 82687K [0x000000008c200000, 0x0000000100000000)
  region size 1024K, 59 young (60416K), 6 survivors (6144K)
 Metaspace       used 78132K, capacity 80087K, committed 80248K, reserved 1118208K
  class space    used 9827K, capacity 10600K, committed 10616K, reserved 1048576K
}
Event: 10.215 GC heap after
{Heap after GC invocations=15 (full 0):
 garbage-first heap   total 118784K, used 32476K [0x000000008c200000, 0x0000000100000000)
  region size 1024K, 7 young (7168K), 7 survivors (7168K)
 Metaspace       used 78132K, capacity 80087K, committed 80248K, reserved 1118208K
  class space    used 9827K, capacity 10600K, committed 10616K, reserved 1048576K
}
Event: 61.406 GC heap before
{Heap before GC invocations=15 (full 0):
 garbage-first heap   total 118784K, used 84700K [0x000000008c200000, 0x0000000100000000)
  region size 1024K, 59 young (60416K), 7 survivors (7168K)
 Metaspace       used 84966K, capacity 87484K, committed 87800K, reserved 1126400K
  class space    used 10682K, capacity 11649K, committed 11768K, reserved 1048576K
}
Event: 61.412 GC heap after
{Heap after GC invocations=16 (full 0):
 garbage-first heap   total 118784K, used 34615K [0x000000008c200000, 0x0000000100000000)
  region size 1024K, 7 young (7168K), 7 survivors (7168K)
 Metaspace       used 84966K, capacity 87484K, committed 87800K, reserved 1126400K
  class space    used 10682K, capacity 11649K, committed 11768K, reserved 1048576K
}

